Hilbert matrix:
[      1.000,       0.500,       0.333,       0.250,       0.200]
[      0.500,       0.333,       0.250,       0.200,       0.167]
[      0.333,       0.250,       0.200,       0.167,       0.143]
[      0.250,       0.200,       0.167,       0.143,       0.125]
[      0.200,       0.167,       0.143,       0.125,       0.111]

Hilbert matrix inverted:
[     25.002,    -300.051,    1050.241,   -1400.365,     630.181]
[   -300.039,    4800.828,  -18903.801,   26885.916,  -12602.962]
[   1050.149,  -18903.189,   79394.602, -117622.859,   56711.465]
[  -1400.204,   26884.412, -117620.234,  179231.750,  -88215.938]
[    630.093,  -12602.013,   56709.254,  -88214.539,   44107.309]

Hilbert matrix multiplied by its inverse:
[      1.000,       0.000,      -0.001,       0.002,      -0.001]
[     -0.000,       1.000,       0.000,       0.002,      -0.000]
[      0.000,       0.000,       1.000,      -0.001,       0.001]
[     -0.000,      -0.000,      -0.000,       1.001,       0.000]
[      0.000,       0.000,       0.001,       0.001,       1.000]

Inverse matrix inverted:
[      0.999,       0.499,       0.333,       0.250,       0.200]
[      0.500,       0.333,       0.250,       0.200,       0.167]
[      0.333,       0.250,       0.200,       0.167,       0.143]
[      0.250,       0.200,       0.167,       0.143,       0.125]
[      0.200,       0.167,       0.143,       0.125,       0.111]

[14 milliseconds execution time.]
